-------------------------------------------------------------------------------
Test set: com.ecommerce.controller.ProdutoControllerTest
-------------------------------------------------------------------------------
Tests run: 1, Failures: 1, Errors: 0, Skipped: 0, Time elapsed: 0.565 s <<< FAILURE! - in com.ecommerce.controller.ProdutoControllerTest
testCriarProduto  Time elapsed: 0.016 s  <<< FAILURE!
java.lang.AssertionError: Status expected:<201> but was:<403>
	at com.ecommerce.controller.ProdutoControllerTest.testCriarProduto(ProdutoControllerTest.java:43)

