-------------------------------------------------------------------------------
Test set: com.ecommerce.service.PedidoServiceTest
-------------------------------------------------------------------------------
Tests run: 3, Failures: 0, Errors: 1, Skipped: 0, Time elapsed: 0.075 s <<< FAILURE! - in com.ecommerce.service.PedidoServiceTest
testCriarPedido_Sucesso  Time elapsed: 0.007 s  <<< ERROR!
java.lang.NullPointerException
	at com.ecommerce.service.PedidoServiceTest.testCriarPedido_Sucesso(PedidoServiceTest.java:58)

