<?xml version="1.0" encoding="UTF-8"?>
<testsuite xmlns:xsi="http://www.w3.org/2001/XMLSchema-instance" xsi:noNamespaceSchemaLocation="https://maven.apache.org/surefire/maven-surefire-plugin/xsd/surefire-test-report.xsd" name="com.ecommerce.controller.PedidoControllerTest" time="0.644" tests="5" errors="0" skipped="0" failures="5">
  <properties>
[...]
</properties>
  <testcase name="testBuscarPedidoPorId" classname="com.ecommerce.controller.PedidoControllerTest" time="0.025">
    <failure message="Status expected:&lt;200&gt; but was:&lt;401&gt;" type="java.lang.AssertionError"><![CDATA[java.lang.AssertionError: Status expected:<200> but was:<401>
	at com.ecommerce.controller.PedidoControllerTest.testBuscarPedidoPorId(PedidoControllerTest.java:65)
]]></failure>
    <system-out><![CDATA[2025-03-10 21:39:39.579  INFO 21732 --- [           main] .b.t.a.w.s.WebMvcTestContextBootstrapper : Neither @ContextConfiguration nor @ContextHierarchy found for test class [com.ecommerce.controller.PedidoControllerTest], using SpringBootContextLoader
2025-03-10 21:39:39.581  INFO 21732 --- [           main] o.s.t.c.support.AbstractContextLoader    : Could not detect default resource locations for test class [com.ecommerce.controller.PedidoControllerTest]: no resource found for suffixes {-context.xml, Context.groovy}.
2025-03-10 21:39:39.581  INFO 21732 --- [           main] t.c.s.AnnotationConfigContextLoaderUtils : Could not detect default configuration classes for test class [com.ecommerce.controller.PedidoControllerTest]: PedidoControllerTest does not declare any static, non-private, non-final, nested classes annotated with @Configuration.
2025-03-10 21:39:39.589  INFO 21732 --- [           main] .b.t.c.SpringBootTestContextBootstrapper : Found @SpringBootConfiguration com.ecommerce.EcommerceApplication for test class com.ecommerce.controller.PedidoControllerTest
2025-03-10 21:39:39.589  INFO 21732 --- [           main] .b.t.a.w.s.WebMvcTestContextBootstrapper : Loaded default TestExecutionListener class names from location [META-INF/spring.factories]: [org.springframework.boot.test.mock.mockito.MockitoTestExecutionListener, org.springframework.boot.test.mock.mockito.ResetMocksTestExecutionListener, org.springframework.boot.test.autoconfigure.restdocs.RestDocsTestExecutionListener, org.springframework.boot.test.autoconfigure.web.client.MockRestServiceServerResetTestExecutionListener, org.springframework.boot.test.autoconfigure.web.servlet.MockMvcPrintOnlyOnFailureTestExecutionListener, org.springframework.boot.test.autoconfigure.web.servlet.WebDriverTestExecutionListener, org.springframework.boot.test.autoconfigure.webservices.client.MockWebServiceServerTestExecutionListener, org.springframework.test.context.web.ServletTestExecutionListener, org.springframework.test.context.support.DirtiesContextBeforeModesTestExecutionListener, org.springframework.test.context.event.ApplicationEventsTestExecutionListener, org.springframework.test.context.support.DependencyInjectionTestExecutionListener, org.springframework.test.context.support.DirtiesContextTestExecutionListener, org.springframework.test.context.transaction.TransactionalTestExecutionListener, org.springframework.test.context.jdbc.SqlScriptsTestExecutionListener, org.springframework.test.context.event.EventPublishingTestExecutionListener, org.springframework.security.test.context.support.WithSecurityContextTestExecutionListener, org.springframework.security.test.context.support.ReactorContextTestExecutionListener]
2025-03-10 21:39:39.591  INFO 21732 --- [           main] .b.t.a.w.s.WebMvcTestContextBootstrapper : Using TestExecutionListeners: [org.springframework.test.context.web.ServletTestExecutionListener@1bc6c20d, org.springframework.test.context.support.DirtiesContextBeforeModesTestExecutionListener@aedc426, org.springframework.test.context.event.ApplicationEventsTestExecutionListener@39b85a73, org.springframework.boot.test.mock.mockito.MockitoTestExecutionListener@5788722f, org.springframework.boot.test.autoconfigure.SpringBootDependencyInjectionTestExecutionListener@7a730479, org.springframework.test.context.support.DirtiesContextTestExecutionListener@1e5b33e5, org.springframework.test.context.transaction.TransactionalTestExecutionListener@654b899f, org.springframework.test.context.jdbc.SqlScriptsTestExecutionListener@71468613, org.springframework.test.context.event.EventPublishingTestExecutionListener@13f4048e, org.springframework.security.test.context.support.WithSecurityContextTestExecutionListener@5477d90e, org.springframework.security.test.context.support.ReactorContextTestExecutionListener@6dc9a56e, org.springframework.boot.test.mock.mockito.ResetMocksTestExecutionListener@287ad0da, org.springframework.boot.test.autoconfigure.restdocs.RestDocsTestExecutionListener@1b19712f, org.springframework.boot.test.autoconfigure.web.client.MockRestServiceServerResetTestExecutionListener@714c74eb, org.springframework.boot.test.autoconfigure.web.servlet.MockMvcPrintOnlyOnFailureTestExecutionListener@510e4d79, org.springframework.boot.test.autoconfigure.web.servlet.WebDriverTestExecutionListener@2f0cab82, org.springframework.boot.test.autoconfigure.webservices.client.MockWebServiceServerTestExecutionListener@7fcc3745]

  .   ____          _            __ _ _
 /\\ / ___'_ __ _ _(_)_ __  __ _ \ \ \ \
( ( )\___ | '_ | '_| | '_ \/ _` | \ \ \ \
 \\/  ___)| |_)| | | | | || (_| |  ) ) ) )
  '  |____| .__|_| |_|_| |_\__, | / / / /
 =========|_|==============|___/=/_/_/_/
 :: Spring Boot ::               (v2.7.18)

2025-03-10 21:39:39.619  INFO 21732 --- [           main] c.e.controller.PedidoControllerTest      : Starting PedidoControllerTest using Java 11.0.25 on DESKTOP-K2QSUO7 with PID 21732 (started by ServiInfo in C:\Users\ServiInfo\Documents\projetos\ecommerce\backend)
2025-03-10 21:39:39.619  INFO 21732 --- [           main] c.e.controller.PedidoControllerTest      : No active profile set, falling back to 1 default profile: "default"
2025-03-10 21:39:40.043  WARN 21732 --- [           main] .s.s.UserDetailsServiceAutoConfiguration : 

Using generated security password: b94dceea-d9c2-42f5-b51c-eccd5cc02f8b

This generated password is for development use only. Your security configuration must be updated before running your application in production.

2025-03-10 21:39:40.120  INFO 21732 --- [           main] o.s.s.web.DefaultSecurityFilterChain     : Will secure any request with [org.springframework.security.web.session.DisableEncodeUrlFilter@25df2014, org.springframework.security.web.context.request.async.WebAsyncManagerIntegrationFilter@270b8c2a, org.springframework.security.web.context.SecurityContextPersistenceFilter@8b1202a, org.springframework.security.web.header.HeaderWriterFilter@103e7c7c, org.springframework.security.web.csrf.CsrfFilter@1e194966, org.springframework.security.web.authentication.logout.LogoutFilter@68f9e807, org.springframework.security.web.authentication.UsernamePasswordAuthenticationFilter@2cce10bc, org.springframework.security.web.authentication.ui.DefaultLoginPageGeneratingFilter@3355b8ff, org.springframework.security.web.authentication.ui.DefaultLogoutPageGeneratingFilter@7b9c2387, org.springframework.security.web.authentication.www.BasicAuthenticationFilter@73234691, org.springframework.security.web.savedrequest.RequestCacheAwareFilter@34bddf43, org.springframework.security.web.servletapi.SecurityContextHolderAwareRequestFilter@57839834, org.springframework.security.web.authentication.AnonymousAuthenticationFilter@12e2f5ab, org.springframework.security.web.session.SessionManagementFilter@5c3710b3, org.springframework.security.web.access.ExceptionTranslationFilter@160546b1, org.springframework.security.web.access.intercept.FilterSecurityInterceptor@b6136eb]
2025-03-10 21:39:40.151  INFO 21732 --- [           main] o.s.b.t.m.w.SpringBootMockServletContext : Initializing Spring TestDispatcherServlet ''
2025-03-10 21:39:40.151  INFO 21732 --- [           main] o.s.t.web.servlet.TestDispatcherServlet  : Initializing Servlet ''
2025-03-10 21:39:40.151  INFO 21732 --- [           main] o.s.t.web.servlet.TestDispatcherServlet  : Completed initialization in 0 ms
2025-03-10 21:39:40.166  INFO 21732 --- [           main] c.e.controller.PedidoControllerTest      : Started PedidoControllerTest in 0.581 seconds (JVM running for 5.09)

MockHttpServletRequest:
      HTTP Method = GET
      Request URI = /api/pedidos/1
       Parameters = {}
          Headers = []
             Body = null
    Session Attrs = {SPRING_SECURITY_SAVED_REQUEST=DefaultSavedRequest [http://localhost/api/pedidos/1]}

Handler:
             Type = null

Async:
    Async started = false
     Async result = null

Resolved Exception:
             Type = null

ModelAndView:
        View name = null
             View = null
            Model = null

FlashMap:
       Attributes = null

MockHttpServletResponse:
           Status = 401
    Error message = Unauthorized
          Headers = [WWW-Authenticate:"Basic realm="Realm"", X-Content-Type-Options:"nosniff", X-XSS-Protection:"1; mode=block", Cache-Control:"no-cache, no-store, max-age=0, must-revalidate", Pragma:"no-cache", Expires:"0", X-Frame-Options:"DENY"]
     Content type = null
             Body = 
    Forwarded URL = null
   Redirected URL = null
          Cookies = []
]]></system-out>
  </testcase>
  <testcase name="testListarTodosPedidos" classname="com.ecommerce.controller.PedidoControllerTest" time="0.003">
    <failure message="Status expected:&lt;200&gt; but was:&lt;401&gt;" type="java.lang.AssertionError"><![CDATA[java.lang.AssertionError: Status expected:<200> but was:<401>
	at com.ecommerce.controller.PedidoControllerTest.testListarTodosPedidos(PedidoControllerTest.java:52)
]]></failure>
    <system-out><![CDATA[
MockHttpServletRequest:
      HTTP Method = GET
      Request URI = /api/pedidos
       Parameters = {}
          Headers = []
             Body = null
    Session Attrs = {SPRING_SECURITY_SAVED_REQUEST=DefaultSavedRequest [http://localhost/api/pedidos]}

Handler:
             Type = null

Async:
    Async started = false
     Async result = null

Resolved Exception:
             Type = null

ModelAndView:
        View name = null
             View = null
            Model = null

FlashMap:
       Attributes = null

MockHttpServletResponse:
           Status = 401
    Error message = Unauthorized
          Headers = [WWW-Authenticate:"Basic realm="Realm"", X-Content-Type-Options:"nosniff", X-XSS-Protection:"1; mode=block", Cache-Control:"no-cache, no-store, max-age=0, must-revalidate", Pragma:"no-cache", Expires:"0", X-Frame-Options:"DENY"]
     Content type = null
             Body = 
    Forwarded URL = null
   Redirected URL = null
          Cookies = []
]]></system-out>
  </testcase>
  <testcase name="testAtualizarPedido" classname="com.ecommerce.controller.PedidoControllerTest" time="0.008">
    <failure message="Status expected:&lt;200&gt; but was:&lt;403&gt;" type="java.lang.AssertionError"><![CDATA[java.lang.AssertionError: Status expected:<200> but was:<403>
	at com.ecommerce.controller.PedidoControllerTest.testAtualizarPedido(PedidoControllerTest.java:80)
]]></failure>
    <system-out><![CDATA[
MockHttpServletRequest:
      HTTP Method = PUT
      Request URI = /api/pedidos/1
       Parameters = {}
          Headers = [Content-Type:"application/json;charset=UTF-8", Content-Length:"57"]
             Body = {"id":1,"nomeCliente":null,"status":null,"endereco":null}
    Session Attrs = {org.springframework.security.web.csrf.HttpSessionCsrfTokenRepository.CSRF_TOKEN=org.springframework.security.web.csrf.DefaultCsrfToken@21d8da75}

Handler:
             Type = null

Async:
    Async started = false
     Async result = null

Resolved Exception:
             Type = null

ModelAndView:
        View name = null
             View = null
            Model = null

FlashMap:
       Attributes = null

MockHttpServletResponse:
           Status = 403
    Error message = Forbidden
          Headers = [X-Content-Type-Options:"nosniff", X-XSS-Protection:"1; mode=block", Cache-Control:"no-cache, no-store, max-age=0, must-revalidate", Pragma:"no-cache", Expires:"0", X-Frame-Options:"DENY"]
     Content type = null
             Body = 
    Forwarded URL = null
   Redirected URL = null
          Cookies = []
]]></system-out>
  </testcase>
  <testcase name="testCriarPedido" classname="com.ecommerce.controller.PedidoControllerTest" time="0.009">
    <failure message="Status expected:&lt;201&gt; but was:&lt;403&gt;" type="java.lang.AssertionError"><![CDATA[java.lang.AssertionError: Status expected:<201> but was:<403>
	at com.ecommerce.controller.PedidoControllerTest.testCriarPedido(PedidoControllerTest.java:41)
]]></failure>
    <system-out><![CDATA[
MockHttpServletRequest:
      HTTP Method = POST
      Request URI = /api/pedidos
       Parameters = {}
          Headers = [Content-Type:"application/json;charset=UTF-8", Content-Length:"57"]
             Body = {"id":1,"nomeCliente":null,"status":null,"endereco":null}
    Session Attrs = {org.springframework.security.web.csrf.HttpSessionCsrfTokenRepository.CSRF_TOKEN=org.springframework.security.web.csrf.DefaultCsrfToken@2b41b8bb}

Handler:
             Type = null

Async:
    Async started = false
     Async result = null

Resolved Exception:
             Type = null

ModelAndView:
        View name = null
             View = null
            Model = null

FlashMap:
       Attributes = null

MockHttpServletResponse:
           Status = 403
    Error message = Forbidden
          Headers = [X-Content-Type-Options:"nosniff", X-XSS-Protection:"1; mode=block", Cache-Control:"no-cache, no-store, max-age=0, must-revalidate", Pragma:"no-cache", Expires:"0", X-Frame-Options:"DENY"]
     Content type = null
             Body = 
    Forwarded URL = null
   Redirected URL = null
          Cookies = []
]]></system-out>
  </testcase>
  <testcase name="testDeletarPedido" classname="com.ecommerce.controller.PedidoControllerTest" time="0.005">
    <failure message="Status expected:&lt;204&gt; but was:&lt;403&gt;" type="java.lang.AssertionError"><![CDATA[java.lang.AssertionError: Status expected:<204> but was:<403>
	at com.ecommerce.controller.PedidoControllerTest.testDeletarPedido(PedidoControllerTest.java:89)
]]></failure>
    <system-out><![CDATA[
MockHttpServletRequest:
      HTTP Method = DELETE
      Request URI = /api/pedidos/1
       Parameters = {}
          Headers = []
             Body = null
    Session Attrs = {org.springframework.security.web.csrf.HttpSessionCsrfTokenRepository.CSRF_TOKEN=org.springframework.security.web.csrf.DefaultCsrfToken@4cadd4d4}

Handler:
             Type = null

Async:
    Async started = false
     Async result = null

Resolved Exception:
             Type = null

ModelAndView:
        View name = null
             View = null
            Model = null

FlashMap:
       Attributes = null

MockHttpServletResponse:
           Status = 403
    Error message = Forbidden
          Headers = [X-Content-Type-Options:"nosniff", X-XSS-Protection:"1; mode=block", Cache-Control:"no-cache, no-store, max-age=0, must-revalidate", Pragma:"no-cache", Expires:"0", X-Frame-Options:"DENY"]
     Content type = null
             Body = 
    Forwarded URL = null
   Redirected URL = null
          Cookies = []
]]></system-out>
  </testcase>
</testsuite>