<?xml version="1.0" encoding="UTF-8"?>
<testsuite xmlns:xsi="http://www.w3.org/2001/XMLSchema-instance" xsi:noNamespaceSchemaLocation="https://maven.apache.org/surefire/maven-surefire-plugin/xsd/surefire-test-report.xsd" name="com.ecommerce.controller.EnderecoControllerTest" time="3.094" tests="1" errors="0" skipped="0" failures="1">
  <properties>
[...]
</properties>
  <testcase name="testCriarEndereco" classname="com.ecommerce.controller.EnderecoControllerTest" time="0.113">
    <failure message="Status expected:&lt;201&gt; but was:&lt;403&gt;" type="java.lang.AssertionError"><![CDATA[java.lang.AssertionError: Status expected:<201> but was:<403>
	at com.ecommerce.controller.EnderecoControllerTest.testCriarEndereco(EnderecoControllerTest.java:41)
]]></failure>
    <system-out><![CDATA[21:39:35.811 [main] DEBUG org.springframework.test.context.BootstrapUtils - Instantiating CacheAwareContextLoaderDelegate from class [org.springframework.test.context.cache.DefaultCacheAwareContextLoaderDelegate]
21:39:35.821 [main] DEBUG org.springframework.test.context.BootstrapUtils - Instantiating BootstrapContext using constructor [public org.springframework.test.context.support.DefaultBootstrapContext(java.lang.Class,org.springframework.test.context.CacheAwareContextLoaderDelegate)]
21:39:35.854 [main] DEBUG org.springframework.test.context.BootstrapUtils - Instantiating TestContextBootstrapper for test class [com.ecommerce.controller.EnderecoControllerTest] from class [org.springframework.boot.test.autoconfigure.web.servlet.WebMvcTestContextBootstrapper]
21:39:35.860 [main] INFO org.springframework.boot.test.autoconfigure.web.servlet.WebMvcTestContextBootstrapper - Neither @ContextConfiguration nor @ContextHierarchy found for test class [com.ecommerce.controller.EnderecoControllerTest], using SpringBootContextLoader
21:39:35.860 [main] DEBUG org.springframework.test.context.support.AbstractContextLoader - Did not detect default resource location for test class [com.ecommerce.controller.EnderecoControllerTest]: class path resource [com/ecommerce/controller/EnderecoControllerTest-context.xml] does not exist
21:39:35.860 [main] DEBUG org.springframework.test.context.support.AbstractContextLoader - Did not detect default resource location for test class [com.ecommerce.controller.EnderecoControllerTest]: class path resource [com/ecommerce/controller/EnderecoControllerTestContext.groovy] does not exist
21:39:35.860 [main] INFO org.springframework.test.context.support.AbstractContextLoader - Could not detect default resource locations for test class [com.ecommerce.controller.EnderecoControllerTest]: no resource found for suffixes {-context.xml, Context.groovy}.
21:39:35.860 [main] INFO org.springframework.test.context.support.AnnotationConfigContextLoaderUtils - Could not detect default configuration classes for test class [com.ecommerce.controller.EnderecoControllerTest]: EnderecoControllerTest does not declare any static, non-private, non-final, nested classes annotated with @Configuration.
21:39:35.955 [main] DEBUG org.springframework.test.context.support.ActiveProfilesUtils - Could not find an 'annotation declaring class' for annotation type [org.springframework.test.context.ActiveProfiles] and class [com.ecommerce.controller.EnderecoControllerTest]
21:39:36.009 [main] DEBUG org.springframework.context.annotation.ClassPathScanningCandidateComponentProvider - Identified candidate component class: file [C:\Users\ServiInfo\Documents\projetos\ecommerce\backend\target\classes\com\ecommerce\EcommerceApplication.class]
21:39:36.009 [main] INFO org.springframework.boot.test.context.SpringBootTestContextBootstrapper - Found @SpringBootConfiguration com.ecommerce.EcommerceApplication for test class com.ecommerce.controller.EnderecoControllerTest
21:39:36.017 [main] DEBUG org.springframework.boot.test.autoconfigure.web.servlet.WebMvcTestContextBootstrapper - @TestExecutionListeners is not present for class [com.ecommerce.controller.EnderecoControllerTest]: using defaults.
21:39:36.017 [main] INFO org.springframework.boot.test.autoconfigure.web.servlet.WebMvcTestContextBootstrapper - Loaded default TestExecutionListener class names from location [META-INF/spring.factories]: [org.springframework.boot.test.mock.mockito.MockitoTestExecutionListener, org.springframework.boot.test.mock.mockito.ResetMocksTestExecutionListener, org.springframework.boot.test.autoconfigure.restdocs.RestDocsTestExecutionListener, org.springframework.boot.test.autoconfigure.web.client.MockRestServiceServerResetTestExecutionListener, org.springframework.boot.test.autoconfigure.web.servlet.MockMvcPrintOnlyOnFailureTestExecutionListener, org.springframework.boot.test.autoconfigure.web.servlet.WebDriverTestExecutionListener, org.springframework.boot.test.autoconfigure.webservices.client.MockWebServiceServerTestExecutionListener, org.springframework.test.context.web.ServletTestExecutionListener, org.springframework.test.context.support.DirtiesContextBeforeModesTestExecutionListener, org.springframework.test.context.event.ApplicationEventsTestExecutionListener, org.springframework.test.context.support.DependencyInjectionTestExecutionListener, org.springframework.test.context.support.DirtiesContextTestExecutionListener, org.springframework.test.context.transaction.TransactionalTestExecutionListener, org.springframework.test.context.jdbc.SqlScriptsTestExecutionListener, org.springframework.test.context.event.EventPublishingTestExecutionListener, org.springframework.security.test.context.support.WithSecurityContextTestExecutionListener, org.springframework.security.test.context.support.ReactorContextTestExecutionListener]
21:39:36.035 [main] INFO org.springframework.boot.test.autoconfigure.web.servlet.WebMvcTestContextBootstrapper - Using TestExecutionListeners: [org.springframework.test.context.web.ServletTestExecutionListener@704f1591, org.springframework.test.context.support.DirtiesContextBeforeModesTestExecutionListener@58fb7731, org.springframework.test.context.event.ApplicationEventsTestExecutionListener@13e547a9, org.springframework.boot.test.mock.mockito.MockitoTestExecutionListener@3fb6cf60, org.springframework.boot.test.autoconfigure.SpringBootDependencyInjectionTestExecutionListener@37ddb69a, org.springframework.test.context.support.DirtiesContextTestExecutionListener@349c1daf, org.springframework.test.context.transaction.TransactionalTestExecutionListener@dfddc9a, org.springframework.test.context.jdbc.SqlScriptsTestExecutionListener@4b9df8a, org.springframework.test.context.event.EventPublishingTestExecutionListener@5e8ac0e1, org.springframework.security.test.context.support.WithSecurityContextTestExecutionListener@aafcffa, org.springframework.security.test.context.support.ReactorContextTestExecutionListener@6955cb39, org.springframework.boot.test.mock.mockito.ResetMocksTestExecutionListener@235a0c16, org.springframework.boot.test.autoconfigure.restdocs.RestDocsTestExecutionListener@2b5f4d54, org.springframework.boot.test.autoconfigure.web.client.MockRestServiceServerResetTestExecutionListener@5f7b97da, org.springframework.boot.test.autoconfigure.web.servlet.MockMvcPrintOnlyOnFailureTestExecutionListener@18b0930f, org.springframework.boot.test.autoconfigure.web.servlet.WebDriverTestExecutionListener@6b7906b3, org.springframework.boot.test.autoconfigure.webservices.client.MockWebServiceServerTestExecutionListener@3a1dd365]
21:39:36.039 [main] DEBUG org.springframework.test.context.support.AbstractDirtiesContextTestExecutionListener - Before test class: context [DefaultTestContext@2371aaca testClass = EnderecoControllerTest, testInstance = [null], testMethod = [null], testException = [null], mergedContextConfiguration = [WebMergedContextConfiguration@5b529706 testClass = EnderecoControllerTest, locations = '{}', classes = '{class com.ecommerce.EcommerceApplication}', contextInitializerClasses = '[]', activeProfiles = '{}', propertySourceLocations = '{}', propertySourceProperties = '{org.springframework.boot.test.autoconfigure.web.servlet.WebMvcTestContextBootstrapper=true}', contextCustomizers = set[[ImportsContextCustomizer@63fdab07 key = [org.springframework.boot.autoconfigure.task.TaskExecutionAutoConfiguration, org.springframework.boot.autoconfigure.cache.CacheAutoConfiguration, org.springframework.boot.autoconfigure.web.servlet.HttpEncodingAutoConfiguration, org.springframework.boot.autoconfigure.validation.ValidationAutoConfiguration, org.springframework.boot.autoconfigure.context.MessageSourceAutoConfiguration, org.springframework.boot.autoconfigure.hateoas.HypermediaAutoConfiguration, org.springframework.boot.autoconfigure.data.web.SpringDataWebAutoConfiguration, org.springframework.boot.autoconfigure.jackson.JacksonAutoConfiguration, org.springframework.boot.test.autoconfigure.web.reactive.WebTestClientAutoConfiguration, org.springframework.boot.autoconfigure.web.servlet.error.ErrorMvcAutoConfiguration, org.springframework.boot.test.autoconfigure.web.servlet.MockMvcAutoConfiguration, org.springframework.boot.autoconfigure.security.servlet.SecurityAutoConfiguration, org.springframework.boot.autoconfigure.security.servlet.SecurityFilterAutoConfiguration, org.springframework.boot.autoconfigure.http.HttpMessageConvertersAutoConfiguration, org.springframework.boot.autoconfigure.security.oauth2.client.servlet.OAuth2ClientAutoConfiguration, org.springframework.boot.test.autoconfigure.web.servlet.MockMvcSecurityConfiguration, org.springframework.boot.test.autoconfigure.web.servlet.MockMvcWebClientAutoConfiguration, org.springframework.boot.test.autoconfigure.web.servlet.MockMvcWebDriverAutoConfiguration, org.springframework.boot.autoconfigure.thymeleaf.ThymeleafAutoConfiguration, org.springframework.boot.autoconfigure.gson.GsonAutoConfiguration, org.springframework.boot.autoconfigure.jsonb.JsonbAutoConfiguration, org.springframework.boot.autoconfigure.freemarker.FreeMarkerAutoConfiguration, org.springframework.boot.autoconfigure.web.servlet.WebMvcAutoConfiguration, org.springframework.boot.autoconfigure.security.servlet.UserDetailsServiceAutoConfiguration, org.springframework.boot.autoconfigure.security.oauth2.resource.servlet.OAuth2ResourceServerAutoConfiguration, org.springframework.boot.autoconfigure.groovy.template.GroovyTemplateAutoConfiguration, org.springframework.boot.autoconfigure.mustache.MustacheAutoConfiguration]], org.springframework.boot.test.context.filter.ExcludeFilterContextCustomizer@2fd953a6, org.springframework.boot.test.json.DuplicateJsonObjectContextCustomizerFactory$DuplicateJsonObjectContextCustomizer@5f9be66c, org.springframework.boot.test.mock.mockito.MockitoContextCustomizer@eb008368, org.springframework.boot.test.autoconfigure.OverrideAutoConfigurationContextCustomizerFactory$DisableAutoConfigurationContextCustomizer@22f31dec, org.springframework.boot.test.autoconfigure.actuate.metrics.MetricsExportContextCustomizerFactory$DisableMetricExportContextCustomizer@2c4d1ac, org.springframework.boot.test.autoconfigure.filter.TypeExcludeFiltersContextCustomizer@9c5d52b4, org.springframework.boot.test.autoconfigure.properties.PropertyMappingContextCustomizer@e2ced8d2, org.springframework.boot.test.autoconfigure.web.servlet.WebDriverContextCustomizerFactory$Customizer@53de625d, org.springframework.boot.test.context.SpringBootTestArgs@1, org.springframework.boot.test.context.SpringBootTestWebEnvironment@0], resourceBasePath = 'src/main/webapp', contextLoader = 'org.springframework.boot.test.context.SpringBootContextLoader', parent = [null]], attributes = map[[empty]]], class annotated with @DirtiesContext [false] with mode [null].

  .   ____          _            __ _ _
 /\\ / ___'_ __ _ _(_)_ __  __ _ \ \ \ \
( ( )\___ | '_ | '_| | '_ \/ _` | \ \ \ \
 \\/  ___)| |_)| | | | | || (_| |  ) ) ) )
  '  |____| .__|_| |_|_| |_\__, | / / / /
 =========|_|==============|___/=/_/_/_/
 :: Spring Boot ::               (v2.7.18)

2025-03-10 21:39:36.452  INFO 21732 --- [           main] c.e.controller.EnderecoControllerTest    : Starting EnderecoControllerTest using Java 11.0.25 on DESKTOP-K2QSUO7 with PID 21732 (started by ServiInfo in C:\Users\ServiInfo\Documents\projetos\ecommerce\backend)
2025-03-10 21:39:36.452  INFO 21732 --- [           main] c.e.controller.EnderecoControllerTest    : No active profile set, falling back to 1 default profile: "default"
2025-03-10 21:39:38.439  WARN 21732 --- [           main] .s.s.UserDetailsServiceAutoConfiguration : 

Using generated security password: b25fec4b-104b-4101-a351-a11bdae2035e

This generated password is for development use only. Your security configuration must be updated before running your application in production.

2025-03-10 21:39:38.614  INFO 21732 --- [           main] o.s.s.web.DefaultSecurityFilterChain     : Will secure any request with [org.springframework.security.web.session.DisableEncodeUrlFilter@2a2b7a35, org.springframework.security.web.context.request.async.WebAsyncManagerIntegrationFilter@58186f9f, org.springframework.security.web.context.SecurityContextPersistenceFilter@41e8d917, org.springframework.security.web.header.HeaderWriterFilter@e4ca109, org.springframework.security.web.csrf.CsrfFilter@76596288, org.springframework.security.web.authentication.logout.LogoutFilter@598657cd, org.springframework.security.web.authentication.UsernamePasswordAuthenticationFilter@ff03361, org.springframework.security.web.authentication.ui.DefaultLoginPageGeneratingFilter@48c5698, org.springframework.security.web.authentication.ui.DefaultLogoutPageGeneratingFilter@62faf77, org.springframework.security.web.authentication.www.BasicAuthenticationFilter@13cc31ae, org.springframework.security.web.savedrequest.RequestCacheAwareFilter@3a16984c, org.springframework.security.web.servletapi.SecurityContextHolderAwareRequestFilter@3db1ce78, org.springframework.security.web.authentication.AnonymousAuthenticationFilter@1f39269d, org.springframework.security.web.session.SessionManagementFilter@be6d228, org.springframework.security.web.access.ExceptionTranslationFilter@3386c206, org.springframework.security.web.access.intercept.FilterSecurityInterceptor@40f9f60d]
2025-03-10 21:39:38.703  INFO 21732 --- [           main] o.s.b.t.m.w.SpringBootMockServletContext : Initializing Spring TestDispatcherServlet ''
2025-03-10 21:39:38.703  INFO 21732 --- [           main] o.s.t.web.servlet.TestDispatcherServlet  : Initializing Servlet ''
2025-03-10 21:39:38.703  INFO 21732 --- [           main] o.s.t.web.servlet.TestDispatcherServlet  : Completed initialization in 0 ms
2025-03-10 21:39:38.725  INFO 21732 --- [           main] c.e.controller.EnderecoControllerTest    : Started EnderecoControllerTest in 2.655 seconds (JVM running for 3.65)

MockHttpServletRequest:
      HTTP Method = POST
      Request URI = /api/enderecos
       Parameters = {}
          Headers = [Content-Type:"application/json;charset=UTF-8", Content-Length:"85"]
             Body = {"id":1,"rua":"Rua Teste","bairro":null,"cidade":"Cidade Teste","uf":null,"cep":null}
    Session Attrs = {org.springframework.security.web.csrf.HttpSessionCsrfTokenRepository.CSRF_TOKEN=org.springframework.security.web.csrf.DefaultCsrfToken@9f1ca74}

Handler:
             Type = null

Async:
    Async started = false
     Async result = null

Resolved Exception:
             Type = null

ModelAndView:
        View name = null
             View = null
            Model = null

FlashMap:
       Attributes = null

MockHttpServletResponse:
           Status = 403
    Error message = Forbidden
          Headers = [X-Content-Type-Options:"nosniff", X-XSS-Protection:"1; mode=block", Cache-Control:"no-cache, no-store, max-age=0, must-revalidate", Pragma:"no-cache", Expires:"0", X-Frame-Options:"DENY"]
     Content type = null
             Body = 
    Forwarded URL = null
   Redirected URL = null
          Cookies = []
]]></system-out>
  </testcase>
</testsuite>